<?xml version="1.0" encoding="utf-8"?>
<test-run id="2" testcasecount="49" result="Passed" total="49" passed="49" failed="0" inconclusive="0" skipped="0" asserts="0" engine-version="3.5.0.0" clr-version="4.0.30319.42000" start-time="2026-03-15 15:19:54Z" end-time="2026-03-15 15:19:54Z" duration="0.0674191">
  <test-suite type="TestSuite" id="1000" name="simplegame" fullname="simplegame" runstate="Runnable" testcasecount="49" result="Passed" start-time="2026-03-15 15:19:54Z" end-time="2026-03-15 15:19:54Z" duration="0.067419" total="49" passed="49" failed="0" inconclusive="0" skipped="0" asserts="0">
    <properties>
      <property name="platform" value="EditMode" />
    </properties>
    <test-suite type="Assembly" id="1055" name="SimpleGame.Tests.EditMode.dll" fullname="C:/OtherWork/simplegame/Library/ScriptAssemblies/SimpleGame.Tests.EditMode.dll" runstate="Runnable" testcasecount="49" result="Passed" start-time="2026-03-15 15:19:54Z" end-time="2026-03-15 15:19:54Z" duration="0.060032" total="49" passed="49" failed="0" inconclusive="0" skipped="0" asserts="0">
      <properties>
        <property name="_PID" value="79780" />
        <property name="_APPDOMAIN" value="Unity Child Domain" />
        <property name="platform" value="EditMode" />
        <property name="EditorOnly" value="True" />
      </properties>
      <test-suite type="TestSuite" id="1056" name="SimpleGame" fullname="SimpleGame" runstate="Runnable" testcasecount="49" result="Passed" start-time="2026-03-15 15:19:54Z" end-time="2026-03-15 15:19:54Z" duration="0.059551" total="49" passed="49" failed="0" inconclusive="0" skipped="0" asserts="0">
        <properties />
        <test-suite type="TestSuite" id="1057" name="Tests" fullname="SimpleGame.Tests" runstate="Runnable" testcasecount="49" result="Passed" start-time="2026-03-15 15:19:54Z" end-time="2026-03-15 15:19:54Z" duration="0.059164" total="49" passed="49" failed="0" inconclusive="0" skipped="0" asserts="0">
          <properties />
          <test-suite type="TestFixture" id="1001" name="DemoWiringTests" fullname="SimpleGame.Tests.DemoWiringTests" classname="SimpleGame.Tests.DemoWiringTests" runstate="Runnable" testcasecount="17" result="Passed" start-time="2026-03-15 15:19:54Z" end-time="2026-03-15 15:19:54Z" duration="0.034049" total="17" passed="17" failed="0" inconclusive="0" skipped="0" asserts="0">
            <properties />
            <test-case id="1012" name="ConfirmDialogPresenter_CancelClicked_InvokesDismissCallback" fullname="SimpleGame.Tests.DemoWiringTests.ConfirmDialogPresenter_CancelClicked_InvokesDismissCallback" methodname="ConfirmDialogPresenter_CancelClicked_InvokesDismissCallback" classname="SimpleGame.Tests.DemoWiringTests" runstate="Runnable" seed="1514148203" result="Passed" start-time="2026-03-15 15:19:54Z" end-time="2026-03-15 15:19:54Z" duration="0.012949" asserts="0">
              <properties>
                <property name="retryIteration" value="0" />
                <property name="repeatIteration" value="0" />
              </properties>
            </test-case>
            <test-case id="1011" name="ConfirmDialogPresenter_ConfirmClicked_InvokesDismissCallback" fullname="SimpleGame.Tests.DemoWiringTests.ConfirmDialogPresenter_ConfirmClicked_InvokesDismissCallback" methodname="ConfirmDialogPresenter_ConfirmClicked_InvokesDismissCallback" classname="SimpleGame.Tests.DemoWiringTests" runstate="Runnable" seed="818882179" result="Passed" start-time="2026-03-15 15:19:54Z" end-time="2026-03-15 15:19:54Z" duration="0.000214" asserts="0">
              <properties>
                <property name="retryIteration" value="0" />
                <property name="repeatIteration" value="0" />
              </properties>
            </test-case>
            <test-case id="1015" name="ConfirmDialogPresenter_Dispose_UnsubscribesEvents" fullname="SimpleGame.Tests.DemoWiringTests.ConfirmDialogPresenter_Dispose_UnsubscribesEvents" methodname="ConfirmDialogPresenter_Dispose_UnsubscribesEvents" classname="SimpleGame.Tests.DemoWiringTests" runstate="Runnable" seed="700103283" result="Passed" start-time="2026-03-15 15:19:54Z" end-time="2026-03-15 15:19:54Z" duration="0.000304" asserts="0">
              <properties>
                <property name="retryIteration" value="0" />
                <property name="repeatIteration" value="0" />
              </properties>
            </test-case>
            <test-case id="1007" name="ConfirmDialogPresenter_Initialize_SetsMessage" fullname="SimpleGame.Tests.DemoWiringTests.ConfirmDialogPresenter_Initialize_SetsMessage" methodname="ConfirmDialogPresenter_Initialize_SetsMessage" classname="SimpleGame.Tests.DemoWiringTests" runstate="Runnable" seed="659112498" result="Passed" start-time="2026-03-15 15:19:54Z" end-time="2026-03-15 15:19:54Z" duration="0.002280" asserts="0">
              <properties>
                <property name="retryIteration" value="0" />
                <property name="repeatIteration" value="0" />
              </properties>
            </test-case>
            <test-case id="1013" name="MainMenuPresenter_Dispose_UnsubscribesEvents" fullname="SimpleGame.Tests.DemoWiringTests.MainMenuPresenter_Dispose_UnsubscribesEvents" methodname="MainMenuPresenter_Dispose_UnsubscribesEvents" classname="SimpleGame.Tests.DemoWiringTests" runstate="Runnable" seed="1188881778" result="Passed" start-time="2026-03-15 15:19:54Z" end-time="2026-03-15 15:19:54Z" duration="0.001402" asserts="0">
              <properties>
                <property name="retryIteration" value="0" />
                <property name="repeatIteration" value="0" />
              </properties>
            </test-case>
            <test-case id="1005" name="MainMenuPresenter_Initialize_SetsTitle" fullname="SimpleGame.Tests.DemoWiringTests.MainMenuPresenter_Initialize_SetsTitle" methodname="MainMenuPresenter_Initialize_SetsTitle" classname="SimpleGame.Tests.DemoWiringTests" runstate="Runnable" seed="344522284" result="Passed" start-time="2026-03-15 15:19:54Z" end-time="2026-03-15 15:19:54Z" duration="0.000202" asserts="0">
              <properties>
                <property name="retryIteration" value="0" />
                <property name="repeatIteration" value="0" />
              </properties>
            </test-case>
            <test-case id="1009" name="MainMenuPresenter_PopupClicked_InvokesShowPopupCallback" fullname="SimpleGame.Tests.DemoWiringTests.MainMenuPresenter_PopupClicked_InvokesShowPopupCallback" methodname="MainMenuPresenter_PopupClicked_InvokesShowPopupCallback" classname="SimpleGame.Tests.DemoWiringTests" runstate="Runnable" seed="1570928760" result="Passed" start-time="2026-03-15 15:19:54Z" end-time="2026-03-15 15:19:54Z" duration="0.000215" asserts="0">
              <properties>
                <property name="retryIteration" value="0" />
                <property name="repeatIteration" value="0" />
              </properties>
            </test-case>
            <test-case id="1008" name="MainMenuPresenter_SettingsClicked_InvokesNavigateCallback" fullname="SimpleGame.Tests.DemoWiringTests.MainMenuPresenter_SettingsClicked_InvokesNavigateCallback" methodname="MainMenuPresenter_SettingsClicked_InvokesNavigateCallback" classname="SimpleGame.Tests.DemoWiringTests" runstate="Runnable" seed="1893754440" result="Passed" start-time="2026-03-15 15:19:54Z" end-time="2026-03-15 15:19:54Z" duration="0.000206" asserts="0">
              <properties>
                <property name="retryIteration" value="0" />
                <property name="repeatIteration" value="0" />
              </properties>
            </test-case>
            <test-case id="1018" name="MockConfirmDialogView_HasNoPresenterOrServiceReference" fullname="SimpleGame.Tests.DemoWiringTests.MockConfirmDialogView_HasNoPresenterOrServiceReference" methodname="MockConfirmDialogView_HasNoPresenterOrServiceReference" classname="SimpleGame.Tests.DemoWiringTests" runstate="Runnable" seed="1584764555" result="Passed" start-time="2026-03-15 15:19:54Z" end-time="2026-03-15 15:19:54Z" duration="0.000388" asserts="0">
              <properties>
                <property name="retryIteration" value="0" />
                <property name="repeatIteration" value="0" />
              </properties>
            </test-case>
            <test-case id="1016" name="MockMainMenuView_HasNoPresenterOrServiceReference" fullname="SimpleGame.Tests.DemoWiringTests.MockMainMenuView_HasNoPresenterOrServiceReference" methodname="MockMainMenuView_HasNoPresenterOrServiceReference" classname="SimpleGame.Tests.DemoWiringTests" runstate="Runnable" seed="965170425" result="Passed" start-time="2026-03-15 15:19:54Z" end-time="2026-03-15 15:19:54Z" duration="0.000159" asserts="0">
              <properties>
                <property name="retryIteration" value="0" />
                <property name="repeatIteration" value="0" />
              </properties>
            </test-case>
            <test-case id="1017" name="MockSettingsView_HasNoPresenterOrServiceReference" fullname="SimpleGame.Tests.DemoWiringTests.MockSettingsView_HasNoPresenterOrServiceReference" methodname="MockSettingsView_HasNoPresenterOrServiceReference" classname="SimpleGame.Tests.DemoWiringTests" runstate="Runnable" seed="93926439" result="Passed" start-time="2026-03-15 15:19:54Z" end-time="2026-03-15 15:19:54Z" duration="0.000157" asserts="0">
              <properties>
                <property name="retryIteration" value="0" />
                <property name="repeatIteration" value="0" />
              </properties>
            </test-case>
            <test-case id="1010" name="SettingsPresenter_BackClicked_InvokesGoBackCallback" fullname="SimpleGame.Tests.DemoWiringTests.SettingsPresenter_BackClicked_InvokesGoBackCallback" methodname="SettingsPresenter_BackClicked_InvokesGoBackCallback" classname="SimpleGame.Tests.DemoWiringTests" runstate="Runnable" seed="688455659" result="Passed" start-time="2026-03-15 15:19:54Z" end-time="2026-03-15 15:19:54Z" duration="0.000533" asserts="0">
              <properties>
                <property name="retryIteration" value="0" />
                <property name="repeatIteration" value="0" />
              </properties>
            </test-case>
            <test-case id="1014" name="SettingsPresenter_Dispose_UnsubscribesEvents" fullname="SimpleGame.Tests.DemoWiringTests.SettingsPresenter_Dispose_UnsubscribesEvents" methodname="SettingsPresenter_Dispose_UnsubscribesEvents" classname="SimpleGame.Tests.DemoWiringTests" runstate="Runnable" seed="600088986" result="Passed" start-time="2026-03-15 15:19:54Z" end-time="2026-03-15 15:19:54Z" duration="0.000259" asserts="0">
              <properties>
                <property name="retryIteration" value="0" />
                <property name="repeatIteration" value="0" />
              </properties>
            </test-case>
            <test-case id="1006" name="SettingsPresenter_Initialize_SetsTitle" fullname="SimpleGame.Tests.DemoWiringTests.SettingsPresenter_Initialize_SetsTitle" methodname="SettingsPresenter_Initialize_SetsTitle" classname="SimpleGame.Tests.DemoWiringTests" runstate="Runnable" seed="1696902838" result="Passed" start-time="2026-03-15 15:19:54Z" end-time="2026-03-15 15:19:54Z" duration="0.000193" asserts="0">
              <properties>
                <property name="retryIteration" value="0" />
                <property name="repeatIteration" value="0" />
              </properties>
            </test-case>
            <test-case id="1004" name="UIFactory_CreatesConfirmDialogPresenter" fullname="SimpleGame.Tests.DemoWiringTests.UIFactory_CreatesConfirmDialogPresenter" methodname="UIFactory_CreatesConfirmDialogPresenter" classname="SimpleGame.Tests.DemoWiringTests" runstate="Runnable" seed="853911978" result="Passed" start-time="2026-03-15 15:19:54Z" end-time="2026-03-15 15:19:54Z" duration="0.001662" asserts="0">
              <properties>
                <property name="retryIteration" value="0" />
                <property name="repeatIteration" value="0" />
              </properties>
            </test-case>
            <test-case id="1002" name="UIFactory_CreatesMainMenuPresenter" fullname="SimpleGame.Tests.DemoWiringTests.UIFactory_CreatesMainMenuPresenter" methodname="UIFactory_CreatesMainMenuPresenter" classname="SimpleGame.Tests.DemoWiringTests" runstate="Runnable" seed="634471804" result="Passed" start-time="2026-03-15 15:19:54Z" end-time="2026-03-15 15:19:54Z" duration="0.000174" asserts="0">
              <properties>
                <property name="retryIteration" value="0" />
                <property name="repeatIteration" value="0" />
              </properties>
            </test-case>
            <test-case id="1003" name="UIFactory_CreatesSettingsPresenter" fullname="SimpleGame.Tests.DemoWiringTests.UIFactory_CreatesSettingsPresenter" methodname="UIFactory_CreatesSettingsPresenter" classname="SimpleGame.Tests.DemoWiringTests" runstate="Runnable" seed="1521309248" result="Passed" start-time="2026-03-15 15:19:54Z" end-time="2026-03-15 15:19:54Z" duration="0.000167" asserts="0">
              <properties>
                <property name="retryIteration" value="0" />
                <property name="repeatIteration" value="0" />
              </properties>
            </test-case>
          </test-suite>
          <test-suite type="TestFixture" id="1019" name="MVPWiringTests" fullname="SimpleGame.Tests.MVPWiringTests" classname="SimpleGame.Tests.MVPWiringTests" runstate="Runnable" testcasecount="6" result="Passed" start-time="2026-03-15 15:19:54Z" end-time="2026-03-15 15:19:54Z" duration="0.003345" total="6" passed="6" failed="0" inconclusive="0" skipped="0" asserts="0">
            <properties />
            <test-case id="1025" name="MockViewHasNoPresenterReference" fullname="SimpleGame.Tests.MVPWiringTests.MockViewHasNoPresenterReference" methodname="MockViewHasNoPresenterReference" classname="SimpleGame.Tests.MVPWiringTests" runstate="Runnable" seed="16620352" result="Passed" start-time="2026-03-15 15:19:54Z" end-time="2026-03-15 15:19:54Z" duration="0.000339" asserts="0">
              <properties>
                <property name="retryIteration" value="0" />
                <property name="repeatIteration" value="0" />
              </properties>
            </test-case>
            <test-case id="1020" name="PresenterCanBeConstructedWithMockView" fullname="SimpleGame.Tests.MVPWiringTests.PresenterCanBeConstructedWithMockView" methodname="PresenterCanBeConstructedWithMockView" classname="SimpleGame.Tests.MVPWiringTests" runstate="Runnable" seed="1201886140" result="Passed" start-time="2026-03-15 15:19:54Z" end-time="2026-03-15 15:19:54Z" duration="0.000239" asserts="0">
              <properties>
                <property name="retryIteration" value="0" />
                <property name="repeatIteration" value="0" />
              </properties>
            </test-case>
            <test-case id="1024" name="PresenterDisposeUnsubscribesFromViewEvents" fullname="SimpleGame.Tests.MVPWiringTests.PresenterDisposeUnsubscribesFromViewEvents" methodname="PresenterDisposeUnsubscribesFromViewEvents" classname="SimpleGame.Tests.MVPWiringTests" runstate="Runnable" seed="53590717" result="Passed" start-time="2026-03-15 15:19:54Z" end-time="2026-03-15 15:19:54Z" duration="0.000736" asserts="0">
              <properties>
                <property name="retryIteration" value="0" />
                <property name="repeatIteration" value="0" />
              </properties>
            </test-case>
            <test-case id="1022" name="PresenterInitializeSetsWelcomeLabel" fullname="SimpleGame.Tests.MVPWiringTests.PresenterInitializeSetsWelcomeLabel" methodname="PresenterInitializeSetsWelcomeLabel" classname="SimpleGame.Tests.MVPWiringTests" runstate="Runnable" seed="1801186402" result="Passed" start-time="2026-03-15 15:19:54Z" end-time="2026-03-15 15:19:54Z" duration="0.000191" asserts="0">
              <properties>
                <property name="retryIteration" value="0" />
                <property name="repeatIteration" value="0" />
              </properties>
            </test-case>
            <test-case id="1023" name="PresenterRespondsToViewEvents" fullname="SimpleGame.Tests.MVPWiringTests.PresenterRespondsToViewEvents" methodname="PresenterRespondsToViewEvents" classname="SimpleGame.Tests.MVPWiringTests" runstate="Runnable" seed="1268118161" result="Passed" start-time="2026-03-15 15:19:54Z" end-time="2026-03-15 15:19:54Z" duration="0.000216" asserts="0">
              <properties>
                <property name="retryIteration" value="0" />
                <property name="repeatIteration" value="0" />
              </properties>
            </test-case>
            <test-case id="1021" name="UIFactoryCreatesSamplePresenterWithService" fullname="SimpleGame.Tests.MVPWiringTests.UIFactoryCreatesSamplePresenterWithService" methodname="UIFactoryCreatesSamplePresenterWithService" classname="SimpleGame.Tests.MVPWiringTests" runstate="Runnable" seed="1998920869" result="Passed" start-time="2026-03-15 15:19:54Z" end-time="2026-03-15 15:19:54Z" duration="0.000173" asserts="0">
              <properties>
                <property name="retryIteration" value="0" />
                <property name="repeatIteration" value="0" />
              </properties>
            </test-case>
          </test-suite>
          <test-suite type="TestFixture" id="1026" name="PopupManagerTests" fullname="SimpleGame.Tests.PopupManagerTests" classname="SimpleGame.Tests.PopupManagerTests" runstate="Runnable" testcasecount="13" result="Passed" start-time="2026-03-15 15:19:54Z" end-time="2026-03-15 15:19:54Z" duration="0.009145" total="13" passed="13" failed="0" inconclusive="0" skipped="0" asserts="0">
            <properties />
            <test-case id="1035" name="DismissAllAsync_ClearsEntireStack" fullname="SimpleGame.Tests.PopupManagerTests.DismissAllAsync_ClearsEntireStack" methodname="DismissAllAsync_ClearsEntireStack" classname="SimpleGame.Tests.PopupManagerTests" runstate="Runnable" seed="2086121040" result="Passed" start-time="2026-03-15 15:19:54Z" end-time="2026-03-15 15:19:54Z" duration="0.002218" asserts="0">
              <properties>
                <property name="retryIteration" value="0" />
                <property name="repeatIteration" value="0" />
              </properties>
            </test-case>
            <test-case id="1031" name="DismissPopupAsync_CallsContainerHidePopup" fullname="SimpleGame.Tests.PopupManagerTests.DismissPopupAsync_CallsContainerHidePopup" methodname="DismissPopupAsync_CallsContainerHidePopup" classname="SimpleGame.Tests.PopupManagerTests" runstate="Runnable" seed="246331150" result="Passed" start-time="2026-03-15 15:19:54Z" end-time="2026-03-15 15:19:54Z" duration="0.000904" asserts="0">
              <properties>
                <property name="retryIteration" value="0" />
                <property name="repeatIteration" value="0" />
              </properties>
            </test-case>
            <test-case id="1033" name="DismissPopupAsync_KeepsInputBlockedWhenPopupsRemain" fullname="SimpleGame.Tests.PopupManagerTests.DismissPopupAsync_KeepsInputBlockedWhenPopupsRemain" methodname="DismissPopupAsync_KeepsInputBlockedWhenPopupsRemain" classname="SimpleGame.Tests.PopupManagerTests" runstate="Runnable" seed="230858560" result="Passed" start-time="2026-03-15 15:19:54Z" end-time="2026-03-15 15:19:54Z" duration="0.000358" asserts="0">
              <properties>
                <property name="retryIteration" value="0" />
                <property name="repeatIteration" value="0" />
              </properties>
            </test-case>
            <test-case id="1030" name="DismissPopupAsync_PopsTopPopup" fullname="SimpleGame.Tests.PopupManagerTests.DismissPopupAsync_PopsTopPopup" methodname="DismissPopupAsync_PopsTopPopup" classname="SimpleGame.Tests.PopupManagerTests" runstate="Runnable" seed="1214270924" result="Passed" start-time="2026-03-15 15:19:54Z" end-time="2026-03-15 15:19:54Z" duration="0.000362" asserts="0">
              <properties>
                <property name="retryIteration" value="0" />
                <property name="repeatIteration" value="0" />
              </properties>
            </test-case>
            <test-case id="1032" name="DismissPopupAsync_UnblocksInputWhenStackEmpty" fullname="SimpleGame.Tests.PopupManagerTests.DismissPopupAsync_UnblocksInputWhenStackEmpty" methodname="DismissPopupAsync_UnblocksInputWhenStackEmpty" classname="SimpleGame.Tests.PopupManagerTests" runstate="Runnable" seed="1366380387" result="Passed" start-time="2026-03-15 15:19:54Z" end-time="2026-03-15 15:19:54Z" duration="0.000210" asserts="0">
              <properties>
                <property name="retryIteration" value="0" />
                <property name="repeatIteration" value="0" />
              </properties>
            </test-case>
            <test-case id="1034" name="DismissPopupAsync_WithEmptyStack_IsNoOp" fullname="SimpleGame.Tests.PopupManagerTests.DismissPopupAsync_WithEmptyStack_IsNoOp" methodname="DismissPopupAsync_WithEmptyStack_IsNoOp" classname="SimpleGame.Tests.PopupManagerTests" runstate="Runnable" seed="286567358" result="Passed" start-time="2026-03-15 15:19:54Z" end-time="2026-03-15 15:19:54Z" duration="0.000939" asserts="0">
              <properties>
                <property name="retryIteration" value="0" />
                <property name="repeatIteration" value="0" />
              </properties>
            </test-case>
            <test-case id="1036" name="HasActivePopup_ReflectsStackState" fullname="SimpleGame.Tests.PopupManagerTests.HasActivePopup_ReflectsStackState" methodname="HasActivePopup_ReflectsStackState" classname="SimpleGame.Tests.PopupManagerTests" runstate="Runnable" seed="1937525278" result="Passed" start-time="2026-03-15 15:19:54Z" end-time="2026-03-15 15:19:54Z" duration="0.000238" asserts="0">
              <properties>
                <property name="retryIteration" value="0" />
                <property name="repeatIteration" value="0" />
              </properties>
            </test-case>
            <test-case id="1039" name="InputBlocker_BlockUnblockBlock_Sequence" fullname="SimpleGame.Tests.PopupManagerTests.InputBlocker_BlockUnblockBlock_Sequence" methodname="InputBlocker_BlockUnblockBlock_Sequence" classname="SimpleGame.Tests.PopupManagerTests" runstate="Runnable" seed="575943614" result="Passed" start-time="2026-03-15 15:19:54Z" end-time="2026-03-15 15:19:54Z" duration="0.000207" asserts="0">
              <properties>
                <property name="retryIteration" value="0" />
                <property name="repeatIteration" value="0" />
              </properties>
            </test-case>
            <test-case id="1038" name="InputBlocker_NestedBlockUnblock" fullname="SimpleGame.Tests.PopupManagerTests.InputBlocker_NestedBlockUnblock" methodname="InputBlocker_NestedBlockUnblock" classname="SimpleGame.Tests.PopupManagerTests" runstate="Runnable" seed="947204325" result="Passed" start-time="2026-03-15 15:19:54Z" end-time="2026-03-15 15:19:54Z" duration="0.000193" asserts="0">
              <properties>
                <property name="retryIteration" value="0" />
                <property name="repeatIteration" value="0" />
              </properties>
            </test-case>
            <test-case id="1029" name="ShowPopupAsync_BlocksInput" fullname="SimpleGame.Tests.PopupManagerTests.ShowPopupAsync_BlocksInput" methodname="ShowPopupAsync_BlocksInput" classname="SimpleGame.Tests.PopupManagerTests" runstate="Runnable" seed="923922189" result="Passed" start-time="2026-03-15 15:19:54Z" end-time="2026-03-15 15:19:54Z" duration="0.000191" asserts="0">
              <properties>
                <property name="retryIteration" value="0" />
                <property name="repeatIteration" value="0" />
              </properties>
            </test-case>
            <test-case id="1028" name="ShowPopupAsync_CallsContainerShowPopup" fullname="SimpleGame.Tests.PopupManagerTests.ShowPopupAsync_CallsContainerShowPopup" methodname="ShowPopupAsync_CallsContainerShowPopup" classname="SimpleGame.Tests.PopupManagerTests" runstate="Runnable" seed="858170026" result="Passed" start-time="2026-03-15 15:19:54Z" end-time="2026-03-15 15:19:54Z" duration="0.000222" asserts="0">
              <properties>
                <property name="retryIteration" value="0" />
                <property name="repeatIteration" value="0" />
              </properties>
            </test-case>
            <test-case id="1037" name="ShowPopupAsync_GuardsAgainstConcurrentOperation" fullname="SimpleGame.Tests.PopupManagerTests.ShowPopupAsync_GuardsAgainstConcurrentOperation" methodname="ShowPopupAsync_GuardsAgainstConcurrentOperation" classname="SimpleGame.Tests.PopupManagerTests" runstate="Runnable" seed="2022582070" result="Passed" start-time="2026-03-15 15:19:54Z" end-time="2026-03-15 15:19:54Z" duration="0.000370" asserts="0">
              <properties>
                <property name="retryIteration" value="0" />
                <property name="repeatIteration" value="0" />
              </properties>
            </test-case>
            <test-case id="1027" name="ShowPopupAsync_PushesPopupOntoStack" fullname="SimpleGame.Tests.PopupManagerTests.ShowPopupAsync_PushesPopupOntoStack" methodname="ShowPopupAsync_PushesPopupOntoStack" classname="SimpleGame.Tests.PopupManagerTests" runstate="Runnable" seed="2026503477" result="Passed" start-time="2026-03-15 15:19:54Z" end-time="2026-03-15 15:19:54Z" duration="0.000298" asserts="0">
              <properties>
                <property name="retryIteration" value="0" />
                <property name="repeatIteration" value="0" />
              </properties>
            </test-case>
          </test-suite>
          <test-suite type="TestFixture" id="1040" name="ScreenManagerTests" fullname="SimpleGame.Tests.ScreenManagerTests" classname="SimpleGame.Tests.ScreenManagerTests" runstate="Runnable" testcasecount="8" result="Passed" start-time="2026-03-15 15:19:54Z" end-time="2026-03-15 15:19:54Z" duration="0.006172" total="8" passed="8" failed="0" inconclusive="0" skipped="0" asserts="0">
            <properties />
            <test-case id="1046" name="CanGoBack_ReflectsHistoryState" fullname="SimpleGame.Tests.ScreenManagerTests.CanGoBack_ReflectsHistoryState" methodname="CanGoBack_ReflectsHistoryState" classname="SimpleGame.Tests.ScreenManagerTests" runstate="Runnable" seed="472593352" result="Passed" start-time="2026-03-15 15:19:54Z" end-time="2026-03-15 15:19:54Z" duration="0.002235" asserts="0">
              <properties>
                <property name="retryIteration" value="0" />
                <property name="repeatIteration" value="0" />
              </properties>
            </test-case>
            <test-case id="1045" name="CurrentScreen_TracksActiveScreen" fullname="SimpleGame.Tests.ScreenManagerTests.CurrentScreen_TracksActiveScreen" methodname="CurrentScreen_TracksActiveScreen" classname="SimpleGame.Tests.ScreenManagerTests" runstate="Runnable" seed="845311211" result="Passed" start-time="2026-03-15 15:19:54Z" end-time="2026-03-15 15:19:54Z" duration="0.000310" asserts="0">
              <properties>
                <property name="retryIteration" value="0" />
                <property name="repeatIteration" value="0" />
              </properties>
            </test-case>
            <test-case id="1048" name="FirstShowScreen_DoesNotUnload" fullname="SimpleGame.Tests.ScreenManagerTests.FirstShowScreen_DoesNotUnload" methodname="FirstShowScreen_DoesNotUnload" classname="SimpleGame.Tests.ScreenManagerTests" runstate="Runnable" seed="1810124306" result="Passed" start-time="2026-03-15 15:19:54Z" end-time="2026-03-15 15:19:54Z" duration="0.000175" asserts="0">
              <properties>
                <property name="retryIteration" value="0" />
                <property name="repeatIteration" value="0" />
              </properties>
            </test-case>
            <test-case id="1043" name="GoBackAsync_ReturnsToPreviousScreen" fullname="SimpleGame.Tests.ScreenManagerTests.GoBackAsync_ReturnsToPreviousScreen" methodname="GoBackAsync_ReturnsToPreviousScreen" classname="SimpleGame.Tests.ScreenManagerTests" runstate="Runnable" seed="1854367562" result="Passed" start-time="2026-03-15 15:19:54Z" end-time="2026-03-15 15:19:54Z" duration="0.000298" asserts="0">
              <properties>
                <property name="retryIteration" value="0" />
                <property name="repeatIteration" value="0" />
              </properties>
            </test-case>
            <test-case id="1044" name="GoBackAsync_WithEmptyHistory_IsNoOp" fullname="SimpleGame.Tests.ScreenManagerTests.GoBackAsync_WithEmptyHistory_IsNoOp" methodname="GoBackAsync_WithEmptyHistory_IsNoOp" classname="SimpleGame.Tests.ScreenManagerTests" runstate="Runnable" seed="1179969143" result="Passed" start-time="2026-03-15 15:19:54Z" end-time="2026-03-15 15:19:54Z" duration="0.000231" asserts="0">
              <properties>
                <property name="retryIteration" value="0" />
                <property name="repeatIteration" value="0" />
              </properties>
            </test-case>
            <test-case id="1047" name="ShowScreenAsync_GuardsAgainstConcurrentNavigation" fullname="SimpleGame.Tests.ScreenManagerTests.ShowScreenAsync_GuardsAgainstConcurrentNavigation" methodname="ShowScreenAsync_GuardsAgainstConcurrentNavigation" classname="SimpleGame.Tests.ScreenManagerTests" runstate="Runnable" seed="1842286965" result="Passed" start-time="2026-03-15 15:19:54Z" end-time="2026-03-15 15:19:54Z" duration="0.000480" asserts="0">
              <properties>
                <property name="retryIteration" value="0" />
                <property name="repeatIteration" value="0" />
              </properties>
            </test-case>
            <test-case id="1041" name="ShowScreenAsync_LoadsCorrectScene" fullname="SimpleGame.Tests.ScreenManagerTests.ShowScreenAsync_LoadsCorrectScene" methodname="ShowScreenAsync_LoadsCorrectScene" classname="SimpleGame.Tests.ScreenManagerTests" runstate="Runnable" seed="38141629" result="Passed" start-time="2026-03-15 15:19:54Z" end-time="2026-03-15 15:19:54Z" duration="0.000182" asserts="0">
              <properties>
                <property name="retryIteration" value="0" />
                <property name="repeatIteration" value="0" />
              </properties>
            </test-case>
            <test-case id="1042" name="ShowScreenAsync_UnloadsPreviousBeforeLoadingNext" fullname="SimpleGame.Tests.ScreenManagerTests.ShowScreenAsync_UnloadsPreviousBeforeLoadingNext" methodname="ShowScreenAsync_UnloadsPreviousBeforeLoadingNext" classname="SimpleGame.Tests.ScreenManagerTests" runstate="Runnable" seed="1943812304" result="Passed" start-time="2026-03-15 15:19:54Z" end-time="2026-03-15 15:19:54Z" duration="0.000266" asserts="0">
              <properties>
                <property name="retryIteration" value="0" />
                <property name="repeatIteration" value="0" />
              </properties>
            </test-case>
          </test-suite>
          <test-suite type="TestFixture" id="1049" name="TransitionTests" fullname="SimpleGame.Tests.TransitionTests" classname="SimpleGame.Tests.TransitionTests" runstate="Runnable" testcasecount="5" result="Passed" start-time="2026-03-15 15:19:54Z" end-time="2026-03-15 15:19:54Z" duration="0.004680" total="5" passed="5" failed="0" inconclusive="0" skipped="0" asserts="0">
            <properties />
            <test-case id="1052" name="GoBackAsync_WithTransition_PlaysFullTransitionSequence" fullname="SimpleGame.Tests.TransitionTests.GoBackAsync_WithTransition_PlaysFullTransitionSequence" methodname="GoBackAsync_WithTransition_PlaysFullTransitionSequence" classname="SimpleGame.Tests.TransitionTests" runstate="Runnable" seed="1145892659" result="Passed" start-time="2026-03-15 15:19:54Z" end-time="2026-03-15 15:19:54Z" duration="0.000743" asserts="0">
              <properties>
                <property name="retryIteration" value="0" />
                <property name="repeatIteration" value="0" />
              </properties>
            </test-case>
            <test-case id="1053" name="ShowScreenAsync_WithoutTransition_BehavesIdentically" fullname="SimpleGame.Tests.TransitionTests.ShowScreenAsync_WithoutTransition_BehavesIdentically" methodname="ShowScreenAsync_WithoutTransition_BehavesIdentically" classname="SimpleGame.Tests.TransitionTests" runstate="Runnable" seed="1418623689" result="Passed" start-time="2026-03-15 15:19:54Z" end-time="2026-03-15 15:19:54Z" duration="0.000351" asserts="0">
              <properties>
                <property name="retryIteration" value="0" />
                <property name="repeatIteration" value="0" />
              </properties>
            </test-case>
            <test-case id="1051" name="ShowScreenAsync_WithTransition_BlocksAndUnblocksInput" fullname="SimpleGame.Tests.TransitionTests.ShowScreenAsync_WithTransition_BlocksAndUnblocksInput" methodname="ShowScreenAsync_WithTransition_BlocksAndUnblocksInput" classname="SimpleGame.Tests.TransitionTests" runstate="Runnable" seed="269081005" result="Passed" start-time="2026-03-15 15:19:54Z" end-time="2026-03-15 15:19:54Z" duration="0.000296" asserts="0">
              <properties>
                <property name="retryIteration" value="0" />
                <property name="repeatIteration" value="0" />
              </properties>
            </test-case>
            <test-case id="1050" name="ShowScreenAsync_WithTransition_CallsFadeOutBeforeUnloadAndFadeInAfterLoad" fullname="SimpleGame.Tests.TransitionTests.ShowScreenAsync_WithTransition_CallsFadeOutBeforeUnloadAndFadeInAfterLoad" methodname="ShowScreenAsync_WithTransition_CallsFadeOutBeforeUnloadAndFadeInAfterLoad" classname="SimpleGame.Tests.TransitionTests" runstate="Runnable" seed="958251520" result="Passed" start-time="2026-03-15 15:19:54Z" end-time="2026-03-15 15:19:54Z" duration="0.000447" asserts="0">
              <properties>
                <property name="retryIteration" value="0" />
                <property name="repeatIteration" value="0" />
              </properties>
            </test-case>
            <test-case id="1054" name="ShowScreenAsync_WithTransition_UnblocksInputOnException" fullname="SimpleGame.Tests.TransitionTests.ShowScreenAsync_WithTransition_UnblocksInputOnException" methodname="ShowScreenAsync_WithTransition_UnblocksInputOnException" classname="SimpleGame.Tests.TransitionTests" runstate="Runnable" seed="822197913" result="Passed" start-time="2026-03-15 15:19:54Z" end-time="2026-03-15 15:19:54Z" duration="0.001336" asserts="0">
              <properties>
                <property name="retryIteration" value="0" />
                <property name="repeatIteration" value="0" />
              </properties>
              <output><![CDATA[Saving results to: C:/OtherWork/simplegame/TestResults4.xml
]]></output>
            </test-case>
          </test-suite>
        </test-suite>
      </test-suite>
    </test-suite>
  </test-suite>
</test-run>